<?xml version="1.0" encoding="UTF-8"?>
<!-- Generated by org.testng.reporters.JUnitXMLReporter -->
<testsuite ignored="1" hostname="DESKTOP-NK5J02L" failures="0" tests="1" name="Default test" time="0.107" errors="0" timestamp="2024-05-02T17:45:17 IST">
  <testcase classname="pojoclasspractice.JsonSchemvalidation" name="ram" time="0.014"/>
  <testcase classname="pojoclasspractice.JsonSchemvalidation" name="json" time="0.0">
    <ignored/>
  </testcase> <!-- json -->
</testsuite> <!-- Default test -->
