<?xml version="1.0" encoding="UTF-8"?>
<testng-results ignored="0" total="1" passed="1" failed="0" skipped="0">
  <reporter-output>
  </reporter-output>
  <suite started-at="2024-05-02T17:45:17 IST" name="Default suite" finished-at="2024-05-02T17:45:17 IST" duration-ms="107">
    <groups>
    </groups>
    <test started-at="2024-05-02T17:45:17 IST" name="Default test" finished-at="2024-05-02T17:45:17 IST" duration-ms="107">
      <class name="pojoclasspractice.JsonSchemvalidation">
        <test-method signature="ram()[pri:0, instance:pojoclasspractice.JsonSchemvalidation@4b29d1d2]" started-at="2024-05-02T17:45:17 IST" name="ram" finished-at="2024-05-02T17:45:17 IST" duration-ms="14" status="PASS">
          <reporter-output>
          </reporter-output>
        </test-method> <!-- ram -->
      </class> <!-- pojoclasspractice.JsonSchemvalidation -->
    </test> <!-- Default test -->
  </suite> <!-- Default suite -->
</testng-results>
